<?xml version="1.0" encoding="UTF-8"?>
<testsuite xmlns:xsi="http://www.w3.org/2001/XMLSchema-instance" xsi:noNamespaceSchemaLocation="https://maven.apache.org/surefire/maven-surefire-plugin/xsd/surefire-test-report-3.0.xsd" version="3.0" name="com.mastermind.cmd.MastermindGameTest" time="1.501" tests="9" errors="0" skipped="0" failures="0">
  <properties>
[...]
</properties>
  <testcase name="testContainsNumber" classname="com.mastermind.cmd.MastermindGameTest" time="0.011"/>
  <testcase name="testIntArrayToString" classname="com.mastermind.cmd.MastermindGameTest" time="0.002"/>
  <testcase name="testGenerateSecretCodeWithMaxLength" classname="com.mastermind.cmd.MastermindGameTest" time="0.86"/>
  <testcase name="testReadUserGuess" classname="com.mastermind.cmd.MastermindGameTest" time="0.001"/>
  <testcase name="testReadUserGuessWithIncorrectLength" classname="com.mastermind.cmd.MastermindGameTest" time="0.004">
    <system-out><![CDATA[Invalid input length. Please enter a 3-digit guess.
]]></system-out>
  </testcase>
  <testcase name="testGenerateSecretCode" classname="com.mastermind.cmd.MastermindGameTest" time="0.298"/>
  <testcase name="testGenerateSecretCodeWithMinLength" classname="com.mastermind.cmd.MastermindGameTest" time="0.306"/>
  <testcase name="testReadUserGuessWithInvalidInput" classname="com.mastermind.cmd.MastermindGameTest" time="0.003">
    <system-out><![CDATA[Invalid input. Please enter a positive number.
]]></system-out>
  </testcase>
  <testcase name="testConvertStringToIntArray" classname="com.mastermind.cmd.MastermindGameTest" time="0.001"/>
</testsuite>